22-08-2021 22:01:22.923 [main] INFO  com.demo.ELK.ElkApplication.logStarting - Starting ElkApplication using Java 13.0.1 on Vulcan with PID 18556 (D:\Git Projects\ELK Logs Monitoring\ELK\target\classes started by ApoorvTyagi in D:\Git Projects\ELK Logs Monitoring\ELK)
22-08-2021 22:01:22.927 [main] INFO  com.demo.ELK.ElkApplication.logStartupProfileInfo - No active profile set, falling back to default profiles: default
22-08-2021 22:01:25.233 [main] INFO  com.demo.ELK.ElkApplication.logStarted - Started ElkApplication in 2.868 seconds (JVM running for 11.729)
22-08-2021 22:02:50.498 [http-nio-8080-exec-3] INFO  c.demo.ELK.controller.ELKController.helloWorld - Inside Hello World Function
22-08-2021 22:02:50.501 [http-nio-8080-exec-3] INFO  c.demo.ELK.controller.ELKController.helloWorld - Response => Hello World! Sun Aug 22 22:02:50 IST 2021
22-08-2021 22:02:56.001 [http-nio-8080-exec-4] INFO  c.demo.ELK.controller.ELKController.foodDetails - Inside Food Detail Function
22-08-2021 22:02:56.002 [http-nio-8080-exec-4] INFO  com.demo.ELK.services.ELKService.getAllFoodDetails - Fetching ALL food details...
22-08-2021 22:06:53.971 [http-nio-8080-exec-10] INFO  c.demo.ELK.controller.ELKController.helloWorld - Inside Hello World Function
22-08-2021 22:06:53.972 [http-nio-8080-exec-10] INFO  c.demo.ELK.controller.ELKController.helloWorld - Response => Hello World! Sun Aug 22 22:06:53 IST 2021
22-08-2021 22:06:55.424 [http-nio-8080-exec-1] INFO  c.demo.ELK.controller.ELKController.foodDetails - Inside Food Detail Function
22-08-2021 22:06:55.425 [http-nio-8080-exec-1] INFO  com.demo.ELK.services.ELKService.getAllFoodDetails - Fetching ALL food details...
22-08-2021 22:37:54.599 [main] INFO  com.demo.ELK.ElkApplication.logStarting - Starting ElkApplication using Java 13.0.1 on Vulcan with PID 19788 (D:\Git Projects\ELK Logs Monitoring\ELK\target\classes started by ApoorvTyagi in D:\Git Projects\ELK Logs Monitoring\ELK)
22-08-2021 22:37:54.602 [main] INFO  com.demo.ELK.ElkApplication.logStartupProfileInfo - No active profile set, falling back to default profiles: default
22-08-2021 22:37:57.212 [main] INFO  com.demo.ELK.ElkApplication.logStarted - Started ElkApplication in 3.261 seconds (JVM running for 10.333)
22-08-2021 22:38:03.738 [http-nio-8080-exec-2] INFO  c.demo.ELK.controller.ELKController.foodDetails - Inside Food Detail Function
22-08-2021 22:38:03.741 [http-nio-8080-exec-2] INFO  com.demo.ELK.services.ELKService.getAllFoodDetails - Fetching ALL food details...
28-08-2021 20:31:11.103 [main] INFO  com.demo.ELK.ElkApplication.logStarting - Starting ElkApplication using Java 13.0.1 on Vulcan with PID 17332 (D:\Git Projects\ELK Logs Monitoring\ELK\target\classes started by ApoorvTyagi in D:\Git Projects\ELK Logs Monitoring\ELK)
28-08-2021 20:31:11.106 [main] INFO  com.demo.ELK.ElkApplication.logStartupProfileInfo - No active profile set, falling back to default profiles: default
28-08-2021 20:31:12.770 [main] INFO  com.demo.ELK.ElkApplication.logStarted - Started ElkApplication in 2.229 seconds (JVM running for 2.573)
28-08-2021 20:31:18.991 [http-nio-8080-exec-1] INFO  c.demo.ELK.controller.ELKController.foodDetails - Inside Food Detail Function
28-08-2021 20:31:18.993 [http-nio-8080-exec-1] INFO  com.demo.ELK.services.ELKService.getAllFoodDetails - Fetching ALL food details...
28-08-2021 20:31:18.998 [http-nio-8080-exec-1] ERROR com.demo.ELK.services.ELKService.getAllFoodDetails - Error occurred in reading JSON file
28-08-2021 20:33:16.244 [main] INFO  com.demo.ELK.ElkApplication.logStarting - Starting ElkApplication using Java 13.0.1 on Vulcan with PID 19592 (D:\Git Projects\ELK Logs Monitoring\ELK\target\classes started by ApoorvTyagi in D:\Git Projects\ELK Logs Monitoring\ELK)
28-08-2021 20:33:16.246 [main] INFO  com.demo.ELK.ElkApplication.logStartupProfileInfo - No active profile set, falling back to default profiles: default
28-08-2021 20:33:17.596 [main] INFO  com.demo.ELK.ElkApplication.logStarted - Started ElkApplication in 1.669 seconds (JVM running for 1.941)
28-08-2021 20:33:24.598 [http-nio-8080-exec-1] INFO  c.demo.ELK.controller.ELKController.foodDetails - Inside Food Detail Function
28-08-2021 20:33:24.600 [http-nio-8080-exec-1] INFO  com.demo.ELK.services.ELKService.getAllFoodDetails - Fetching ALL food details...
28-08-2021 20:34:29.997 [main] INFO  com.demo.ELK.ElkApplication.logStarting - Starting ElkApplication using Java 13.0.1 on Vulcan with PID 10512 (D:\Git Projects\ELK Logs Monitoring\ELK\target\classes started by ApoorvTyagi in D:\Git Projects\ELK Logs Monitoring\ELK)
28-08-2021 20:34:29.999 [main] INFO  com.demo.ELK.ElkApplication.logStartupProfileInfo - No active profile set, falling back to default profiles: default
28-08-2021 20:34:31.418 [main] INFO  com.demo.ELK.ElkApplication.logStarted - Started ElkApplication in 1.784 seconds (JVM running for 2.107)
28-08-2021 20:34:34.319 [http-nio-8080-exec-5] INFO  c.demo.ELK.controller.ELKController.foodDetails - Inside Food Detail Function
28-08-2021 20:34:34.320 [http-nio-8080-exec-5] INFO  com.demo.ELK.services.ELKService.getAllFoodDetails - Fetching ALL food details...
28-08-2021 20:36:29.351 [main] INFO  com.demo.ELK.ElkApplication.logStarting - Starting ElkApplication using Java 13.0.1 on Vulcan with PID 20776 (D:\Git Projects\ELK Logs Monitoring\ELK\target\classes started by ApoorvTyagi in D:\Git Projects\ELK Logs Monitoring\ELK)
28-08-2021 20:36:29.353 [main] INFO  com.demo.ELK.ElkApplication.logStartupProfileInfo - No active profile set, falling back to default profiles: default
28-08-2021 20:36:30.725 [main] INFO  com.demo.ELK.ElkApplication.logStarted - Started ElkApplication in 1.703 seconds (JVM running for 1.969)
28-08-2021 20:36:35.845 [http-nio-8080-exec-2] INFO  c.demo.ELK.controller.ELKController.foodDetails - Inside Food Detail Function
28-08-2021 20:36:35.847 [http-nio-8080-exec-2] INFO  com.demo.ELK.services.ELKService.getAllFoodDetails - Fetching ALL food details...
30-06-2022 17:05:52.170 [main] INFO  com.demo.ELK.ElkApplication.logStarting - Starting ElkApplication using Java 1.8.0_301 on DT-吴贺朋 with PID 23444 (D:\IdeaProjects\Spring-ELK\target\classes started by dell in D:\IdeaProjects\Spring-ELK)
30-06-2022 17:05:52.181 [main] INFO  com.demo.ELK.ElkApplication.logStartupProfileInfo - No active profile set, falling back to default profiles: default
30-06-2022 17:06:01.622 [main] INFO  com.demo.ELK.ElkApplication.logStarted - Started ElkApplication in 13.08 seconds (JVM running for 15.867)
30-06-2022 17:08:14.613 [http-nio-8080-exec-8] INFO  c.demo.ELK.controller.ELKController.helloWorld - Inside Hello World Function
30-06-2022 17:08:14.613 [http-nio-8080-exec-8] INFO  c.demo.ELK.controller.ELKController.helloWorld - Response => Hello World! Thu Jun 30 17:08:14 CST 2022
30-06-2022 17:08:56.743 [http-nio-8080-exec-10] INFO  c.demo.ELK.controller.ELKController.foodDetails - Inside Food Detail Function
30-06-2022 17:08:56.743 [http-nio-8080-exec-10] INFO  com.demo.ELK.services.ELKService.getAllFoodDetails - Fetching ALL food details...
30-06-2022 17:10:27.089 [main] INFO  com.demo.ELK.ElkApplication.logStarting - Starting ElkApplication using Java 1.8.0_301 on DT-吴贺朋 with PID 20024 (D:\IdeaProjects\Spring-ELK\target\classes started by dell in D:\IdeaProjects\Spring-ELK)
30-06-2022 17:10:27.092 [main] INFO  com.demo.ELK.ElkApplication.logStartupProfileInfo - No active profile set, falling back to default profiles: default
30-06-2022 17:10:28.143 [main] INFO  com.demo.ELK.ElkApplication.logStarted - Started ElkApplication in 1.488 seconds (JVM running for 2.43)
30-06-2022 17:10:54.085 [http-nio-8080-exec-1] INFO  c.demo.ELK.controller.ELKController.foodDetails - Inside Food Detail Function
30-06-2022 17:10:54.085 [http-nio-8080-exec-1] INFO  com.demo.ELK.services.ELKService.getAllFoodDetails - Fetching ALL food details...
30-06-2022 18:01:27.167 [main] INFO  com.demo.ELK.ElkApplication.logStarting - Starting ElkApplication using Java 1.8.0_301 on DT-吴贺朋 with PID 8356 (D:\IdeaProjects\Spring-ELK\target\classes started by dell in D:\IdeaProjects\Spring-ELK)
30-06-2022 18:01:27.169 [main] INFO  com.demo.ELK.ElkApplication.logStartupProfileInfo - No active profile set, falling back to default profiles: default
30-06-2022 18:01:28.845 [main] INFO  com.demo.ELK.ElkApplication.logStarted - Started ElkApplication in 2.338 seconds (JVM running for 3.758)
30-06-2022 18:01:47.396 [http-nio-8080-exec-1] INFO  c.demo.ELK.controller.ELKController.foodDetails - Inside Food Detail Function
30-06-2022 18:01:47.396 [http-nio-8080-exec-1] INFO  com.demo.ELK.services.ELKService.getAllFoodDetails - Fetching ALL food details...
